2023-06-23 18:10:15,041 - INFO - Started Sniper Class
2023-06-23 18:10:15,043 - INFO - Setting up accounts
2023-06-23 18:10:15,044 - DEBUG - Using selector: EpollSelector
2023-06-23 18:10:15,131 - ERROR - An error occurred: Traceback (most recent call last):
  File "/data/user/0/ru.iiec.pydroid3/files/arm-linux-androideabi/lib/python3.9/site-packages/aiohttp/connector.py", line 1152, in _create_direct_connection
    hosts = await asyncio.shield(host_resolved)
  File "/data/user/0/ru.iiec.pydroid3/files/arm-linux-androideabi/lib/python3.9/site-packages/aiohttp/connector.py", line 874, in _resolve_host
    addrs = await self._resolver.resolve(host, port, family=self._family)
  File "/data/user/0/ru.iiec.pydroid3/files/arm-linux-androideabi/lib/python3.9/site-packages/aiohttp/resolver.py", line 33, in resolve
    infos = await self._loop.getaddrinfo(
  File "/data/user/0/ru.iiec.pydroid3/files/arm-linux-androideabi/lib/python3.9/asyncio/base_events.py", line 856, in getaddrinfo
    return await self.run_in_executor(
  File "/data/user/0/ru.iiec.pydroid3/files/arm-linux-androideabi/lib/python3.9/concurrent/futures/thread.py", line 52, in run
    result = self.fn(*self.args, **self.kwargs)
  File "/data/user/0/ru.iiec.pydroid3/files/arm-linux-androideabi/lib/python3.9/socket.py", line 954, in getaddrinfo
    for res in _socket.getaddrinfo(host, port, family, type, proto, flags):
socket.gaierror: [Errno 7] No address associated with hostname

The above exception was the direct cause of the following exception:

Traceback (most recent call last):
  File "<string>", line 831, in <module>
  File "<string>", line 134, in __init__
  File "<string>", line 459, in _setup_accounts
  File "/data/user/0/ru.iiec.pydroid3/files/arm-linux-androideabi/lib/python3.9/asyncio/runners.py", line 44, in run
    return loop.run_until_complete(main)
  File "/data/user/0/ru.iiec.pydroid3/files/arm-linux-androideabi/lib/python3.9/asyncio/base_events.py", line 642, in run_until_complete
    return future.result()
  File "<string>", line 491, in _get_user_id
  File "/data/user/0/ru.iiec.pydroid3/files/arm-linux-androideabi/lib/python3.9/site-packages/aiohttp/client.py", line 536, in _request
    conn = await self._connector.connect(
  File "/data/user/0/ru.iiec.pydroid3/files/arm-linux-androideabi/lib/python3.9/site-packages/aiohttp/connector.py", line 540, in connect
    proto = await self._create_connection(req, traces, timeout)
  File "/data/user/0/ru.iiec.pydroid3/files/arm-linux-androideabi/lib/python3.9/site-packages/aiohttp/connector.py", line 901, in _create_connection
    _, proto = await self._create_direct_connection(req, traces, timeout)
  File "/data/user/0/ru.iiec.pydroid3/files/arm-linux-androideabi/lib/python3.9/site-packages/aiohttp/connector.py", line 1166, in _create_direct_connection
    raise ClientConnectorError(req.connection_key, exc) from exc
aiohttp.client_exceptions.ClientConnectorError: Cannot connect to host users.roblox.com:443 ssl:False [No address associated with hostname]

2023-06-23 18:12:39,455 - INFO - Started Sniper Class
2023-06-23 18:12:39,457 - INFO - Setting up accounts
2023-06-23 18:12:39,458 - DEBUG - Using selector: EpollSelector
2023-06-23 18:12:39,542 - ERROR - An error occurred: Traceback (most recent call last):
  File "/data/user/0/ru.iiec.pydroid3/files/arm-linux-androideabi/lib/python3.9/site-packages/aiohttp/connector.py", line 1152, in _create_direct_connection
    hosts = await asyncio.shield(host_resolved)
  File "/data/user/0/ru.iiec.pydroid3/files/arm-linux-androideabi/lib/python3.9/site-packages/aiohttp/connector.py", line 874, in _resolve_host
    addrs = await self._resolver.resolve(host, port, family=self._family)
  File "/data/user/0/ru.iiec.pydroid3/files/arm-linux-androideabi/lib/python3.9/site-packages/aiohttp/resolver.py", line 33, in resolve
    infos = await self._loop.getaddrinfo(
  File "/data/user/0/ru.iiec.pydroid3/files/arm-linux-androideabi/lib/python3.9/asyncio/base_events.py", line 856, in getaddrinfo
    return await self.run_in_executor(
  File "/data/user/0/ru.iiec.pydroid3/files/arm-linux-androideabi/lib/python3.9/concurrent/futures/thread.py", line 52, in run
    result = self.fn(*self.args, **self.kwargs)
  File "/data/user/0/ru.iiec.pydroid3/files/arm-linux-androideabi/lib/python3.9/socket.py", line 954, in getaddrinfo
    for res in _socket.getaddrinfo(host, port, family, type, proto, flags):
socket.gaierror: [Errno 7] No address associated with hostname

The above exception was the direct cause of the following exception:

Traceback (most recent call last):
  File "<string>", line 831, in <module>
  File "<string>", line 134, in __init__
  File "<string>", line 459, in _setup_accounts
  File "/data/user/0/ru.iiec.pydroid3/files/arm-linux-androideabi/lib/python3.9/asyncio/runners.py", line 44, in run
    return loop.run_until_complete(main)
  File "/data/user/0/ru.iiec.pydroid3/files/arm-linux-androideabi/lib/python3.9/asyncio/base_events.py", line 642, in run_until_complete
    return future.result()
  File "<string>", line 491, in _get_user_id
  File "/data/user/0/ru.iiec.pydroid3/files/arm-linux-androideabi/lib/python3.9/site-packages/aiohttp/client.py", line 536, in _request
    conn = await self._connector.connect(
  File "/data/user/0/ru.iiec.pydroid3/files/arm-linux-androideabi/lib/python3.9/site-packages/aiohttp/connector.py", line 540, in connect
    proto = await self._create_connection(req, traces, timeout)
  File "/data/user/0/ru.iiec.pydroid3/files/arm-linux-androideabi/lib/python3.9/site-packages/aiohttp/connector.py", line 901, in _create_connection
    _, proto = await self._create_direct_connection(req, traces, timeout)
  File "/data/user/0/ru.iiec.pydroid3/files/arm-linux-androideabi/lib/python3.9/site-packages/aiohttp/connector.py", line 1166, in _create_direct_connection
    raise ClientConnectorError(req.connection_key, exc) from exc
aiohttp.client_exceptions.ClientConnectorError: Cannot connect to host users.roblox.com:443 ssl:False [No address associated with hostname]

2023-06-23 20:52:54,768 - INFO - Started Sniper Class
2023-06-23 20:52:54,772 - INFO - Setting up accounts
2023-06-23 20:52:54,773 - DEBUG - Using selector: EpollSelector
2023-06-23 20:52:55,193 - DEBUG - Using selector: EpollSelector
2023-06-23 20:52:55,196 - DEBUG - Scraped x_token
2023-06-23 20:52:55,501 - DEBUG - Checking Version
2023-06-23 20:52:55,567 - DEBUG - Starting new HTTPS connection (1): raw.githubusercontent.com:443
2023-06-23 20:52:55,871 - DEBUG - https://raw.githubusercontent.com:443 "GET /efenatuyo/ugc-sniper/main/version HTTP/1.1" 200 28
2023-06-23 20:52:56,892 - DEBUG - Using selector: EpollSelector
2023-06-23 20:52:56,899 - DEBUG - Using selector: EpollSelector
2023-06-23 20:52:56,902 - INFO - Started sniping
2023-06-23 23:01:44,589 - INFO - Started Sniper Class
2023-06-23 23:01:44,593 - INFO - Setting up accounts
2023-06-23 23:01:44,596 - DEBUG - Using selector: EpollSelector
2023-06-23 23:01:45,072 - DEBUG - Using selector: EpollSelector
2023-06-23 23:01:45,073 - DEBUG - Scraped x_token
2023-06-23 23:01:45,377 - DEBUG - Checking Version
2023-06-23 23:01:45,434 - DEBUG - Starting new HTTPS connection (1): raw.githubusercontent.com:443
2023-06-23 23:01:45,622 - DEBUG - https://raw.githubusercontent.com:443 "GET /manuuwu123/Actualizaci%C3%B3n/main/version HTTP/1.1" 200 24
2023-06-23 23:01:45,641 - DEBUG - Using selector: EpollSelector
2023-06-23 23:01:45,646 - DEBUG - Using selector: EpollSelector
2023-06-23 23:01:45,652 - INFO - Started sniping
2023-06-23 23:06:19,850 - INFO - Started Sniper Class
2023-06-23 23:06:19,853 - INFO - Setting up accounts
2023-06-23 23:06:19,855 - DEBUG - Using selector: EpollSelector
2023-06-23 23:06:20,278 - DEBUG - Using selector: EpollSelector
2023-06-23 23:06:20,280 - DEBUG - Scraped x_token
2023-06-23 23:06:20,592 - DEBUG - Checking Version
2023-06-23 23:06:20,657 - DEBUG - Starting new HTTPS connection (1): raw.githubusercontent.com:443
2023-06-23 23:06:20,944 - DEBUG - https://raw.githubusercontent.com:443 "GET /manuuwu123/Actualizaci%C3%B3n/main/version HTTP/1.1" 200 24
2023-06-23 23:06:20,966 - DEBUG - Using selector: EpollSelector
2023-06-23 23:06:20,973 - DEBUG - Using selector: EpollSelector
2023-06-23 23:06:20,977 - INFO - Started sniping
2023-06-23 23:10:17,040 - INFO - Started Sniper Class
2023-06-23 23:10:17,043 - INFO - Setting up accounts
2023-06-23 23:10:17,045 - DEBUG - Using selector: EpollSelector
2023-06-23 23:10:17,475 - DEBUG - Using selector: EpollSelector
2023-06-23 23:10:17,477 - DEBUG - Scraped x_token
2023-06-23 23:10:17,782 - DEBUG - Checking Version
2023-06-23 23:10:17,836 - DEBUG - Starting new HTTPS connection (1): raw.githubusercontent.com:443
2023-06-23 23:10:18,004 - DEBUG - https://raw.githubusercontent.com:443 "GET /manuuwu123/Actualizaci%C3%B3n/main/version HTTP/1.1" 200 24
2023-06-23 23:10:18,022 - DEBUG - Using selector: EpollSelector
2023-06-23 23:10:18,027 - DEBUG - Using selector: EpollSelector
2023-06-23 23:10:18,030 - INFO - Started sniping
2023-06-23 23:31:58,567 - INFO - Started Sniper Class
2023-06-23 23:31:58,571 - INFO - Setting up accounts
2023-06-23 23:31:58,572 - DEBUG - Using selector: EpollSelector
2023-06-23 23:31:58,932 - DEBUG - Using selector: EpollSelector
2023-06-23 23:31:58,933 - DEBUG - Scraped x_token
2023-06-23 23:31:59,218 - DEBUG - Checking Version
2023-06-23 23:31:59,283 - DEBUG - Starting new HTTPS connection (1): raw.githubusercontent.com:443
2023-06-23 23:31:59,589 - DEBUG - https://raw.githubusercontent.com:443 "GET /manuuwu123/Actualizacion/main/version HTTP/1.1" 200 24
2023-06-23 23:31:59,611 - DEBUG - Using selector: EpollSelector
2023-06-23 23:31:59,618 - DEBUG - Using selector: EpollSelector
2023-06-23 23:31:59,622 - INFO - Started sniping
2023-06-23 23:37:24,738 - INFO - Started Sniper Class
2023-06-23 23:37:24,740 - INFO - Setting up accounts
2023-06-23 23:37:24,741 - DEBUG - Using selector: EpollSelector
2023-06-23 23:37:30,155 - DEBUG - Using selector: EpollSelector
2023-06-23 23:37:30,158 - DEBUG - Scraped x_token
2023-06-23 23:37:30,467 - DEBUG - Checking Version
2023-06-23 23:37:30,531 - DEBUG - Starting new HTTPS connection (1): raw.githubusercontent.com:443
2023-06-23 23:37:30,831 - DEBUG - https://raw.githubusercontent.com:443 "GET /manuuwu123/Actualizacion/main/version HTTP/1.1" 200 24
2023-06-23 23:37:30,853 - DEBUG - Using selector: EpollSelector
2023-06-23 23:37:30,859 - DEBUG - Using selector: EpollSelector
2023-06-23 23:37:30,863 - INFO - Started sniping
2023-06-23 23:45:45,674 - INFO - Started Sniper Class
2023-06-23 23:45:45,676 - INFO - Setting up accounts
2023-06-23 23:45:45,678 - DEBUG - Using selector: EpollSelector
2023-06-23 23:45:46,030 - DEBUG - Using selector: EpollSelector
2023-06-23 23:45:46,033 - DEBUG - Scraped x_token
2023-06-23 23:45:46,327 - DEBUG - Checking Version
2023-06-23 23:45:46,405 - DEBUG - Starting new HTTPS connection (1): raw.githubusercontent.com:443
2023-06-23 23:45:46,685 - DEBUG - https://raw.githubusercontent.com:443 "GET /manuuwu123/Actualizacion/main/version HTTP/1.1" 200 24
2023-06-23 23:45:46,707 - DEBUG - Using selector: EpollSelector
2023-06-23 23:45:46,714 - DEBUG - Using selector: EpollSelector
2023-06-23 23:45:46,718 - INFO - Started sniping
2023-06-23 23:47:40,492 - INFO - Started Sniper Class
2023-06-23 23:47:40,494 - INFO - Setting up accounts
2023-06-23 23:47:40,496 - DEBUG - Using selector: EpollSelector
2023-06-23 23:47:40,849 - DEBUG - Using selector: EpollSelector
2023-06-23 23:47:40,850 - DEBUG - Scraped x_token
2023-06-23 23:47:41,134 - DEBUG - Checking Version
2023-06-23 23:47:41,196 - DEBUG - Starting new HTTPS connection (1): raw.githubusercontent.com:443
2023-06-23 23:47:41,350 - DEBUG - https://raw.githubusercontent.com:443 "GET /manuuwu123/Actualizacion/main/version HTTP/1.1" 200 24
2023-06-23 23:47:41,367 - DEBUG - Using selector: EpollSelector
2023-06-23 23:47:41,372 - DEBUG - Using selector: EpollSelector
2023-06-23 23:47:41,376 - INFO - Started sniping
2023-06-23 23:52:24,300 - INFO - Started Sniper Class
2023-06-23 23:52:24,302 - INFO - Setting up accounts
2023-06-23 23:52:24,303 - DEBUG - Using selector: EpollSelector
2023-06-23 23:52:24,706 - DEBUG - Using selector: EpollSelector
2023-06-23 23:52:24,708 - DEBUG - Scraped x_token
2023-06-23 23:52:25,013 - DEBUG - Checking Version
2023-06-23 23:52:25,088 - DEBUG - Starting new HTTPS connection (1): raw.githubusercontent.com:443
2023-06-23 23:52:25,211 - DEBUG - https://raw.githubusercontent.com:443 "GET /manuuwu123/Actualizacion/main/version HTTP/1.1" 200 24
2023-06-23 23:52:26,232 - DEBUG - Using selector: EpollSelector
2023-06-23 23:52:26,239 - DEBUG - Using selector: EpollSelector
2023-06-23 23:52:26,243 - INFO - Started sniping
2023-06-23 23:57:05,470 - INFO - Started Sniper Class
2023-06-23 23:57:05,472 - INFO - Setting up accounts
2023-06-23 23:57:05,474 - DEBUG - Using selector: EpollSelector
2023-06-23 23:57:06,120 - DEBUG - Using selector: EpollSelector
2023-06-23 23:57:06,123 - DEBUG - Scraped x_token
2023-06-23 23:57:06,563 - DEBUG - Checking Version
2023-06-23 23:57:06,627 - DEBUG - Starting new HTTPS connection (1): raw.githubusercontent.com:443
2023-06-23 23:57:06,770 - DEBUG - https://raw.githubusercontent.com:443 "GET /manuuwu123/Actualizacion/main/version HTTP/1.1" 200 24
2023-06-23 23:57:07,795 - DEBUG - Using selector: EpollSelector
2023-06-23 23:57:07,801 - DEBUG - Using selector: EpollSelector
2023-06-23 23:57:07,805 - INFO - Started sniping
2023-06-24 00:00:21,996 - INFO - Started Sniper Class
2023-06-24 00:00:21,999 - INFO - Setting up accounts
2023-06-24 00:00:22,001 - DEBUG - Using selector: EpollSelector
2023-06-24 00:00:22,368 - DEBUG - Using selector: EpollSelector
2023-06-24 00:00:22,371 - DEBUG - Scraped x_token
2023-06-24 00:00:22,656 - DEBUG - Checking Version
2023-06-24 00:00:22,747 - DEBUG - Starting new HTTPS connection (1): raw.githubusercontent.com:443
2023-06-24 00:00:22,909 - DEBUG - https://raw.githubusercontent.com:443 "GET /manuuwu123/Actualizacion/main/version HTTP/1.1" 200 24
2023-06-24 00:00:22,931 - DEBUG - Using selector: EpollSelector
2023-06-24 00:00:22,940 - DEBUG - Using selector: EpollSelector
2023-06-24 00:00:22,952 - INFO - Started sniping
2023-06-24 08:45:46,048 - INFO - Started Sniper Class
2023-06-24 08:45:46,050 - INFO - Setting up accounts
2023-06-24 08:45:46,052 - DEBUG - Using selector: EpollSelector
2023-06-24 08:45:46,453 - DEBUG - Using selector: EpollSelector
2023-06-24 08:45:46,455 - DEBUG - Scraped x_token
2023-06-24 08:45:46,750 - DEBUG - Checking Version
2023-06-24 08:45:46,809 - DEBUG - Starting new HTTPS connection (1): raw.githubusercontent.com:443
2023-06-24 08:45:47,125 - DEBUG - https://raw.githubusercontent.com:443 "GET /manuuwu123/Actualizacion/main/version HTTP/1.1" 200 24
2023-06-24 08:45:47,147 - DEBUG - Using selector: EpollSelector
2023-06-24 08:45:47,153 - DEBUG - Using selector: EpollSelector
2023-06-24 08:45:47,156 - INFO - Started sniping
2023-06-24 08:45:47,278 - ERROR - An error occurred: Traceback (most recent call last):
  File "<string>", line 674, in search
AttributeError: 'Sniper' object has no attribute 'item'

During handling of the above exception, another exception occurred:

Traceback (most recent call last):
  File "<string>", line 831, in <module>
  File "<string>", line 211, in __init__
  File "/data/user/0/ru.iiec.pydroid3/files/arm-linux-androideabi/lib/python3.9/asyncio/runners.py", line 44, in run
    return loop.run_until_complete(main)
  File "/data/user/0/ru.iiec.pydroid3/files/arm-linux-androideabi/lib/python3.9/asyncio/base_events.py", line 642, in run_until_complete
    return future.result()
  File "<string>", line 818, in start
  File "<string>", line 791, in given_id_sniper
  File "<string>", line 784, in search
UnboundLocalError: local variable 'items' referenced before assignment

2023-06-24 08:46:45,485 - INFO - Started Sniper Class
2023-06-24 08:46:45,487 - INFO - Setting up accounts
2023-06-24 08:46:45,488 - DEBUG - Using selector: EpollSelector
2023-06-24 08:46:45,853 - DEBUG - Using selector: EpollSelector
2023-06-24 08:46:45,854 - DEBUG - Scraped x_token
2023-06-24 08:46:46,128 - DEBUG - Checking Version
2023-06-24 08:46:46,188 - DEBUG - Starting new HTTPS connection (1): raw.githubusercontent.com:443
2023-06-24 08:46:46,326 - DEBUG - https://raw.githubusercontent.com:443 "GET /manuuwu123/Actualizacion/main/version HTTP/1.1" 200 24
2023-06-24 08:46:46,339 - DEBUG - Using selector: EpollSelector
2023-06-24 08:46:46,343 - DEBUG - Using selector: EpollSelector
2023-06-24 08:46:46,346 - INFO - Started sniping
2023-06-24 11:33:10,014 - INFO - Started Sniper Class
2023-06-24 11:33:10,016 - INFO - Setting up accounts
2023-06-24 11:33:10,018 - DEBUG - Using selector: EpollSelector
2023-06-24 11:33:10,612 - DEBUG - Using selector: EpollSelector
2023-06-24 11:33:10,615 - DEBUG - Scraped x_token
2023-06-24 11:33:15,949 - DEBUG - Checking Version
2023-06-24 11:33:16,014 - DEBUG - Starting new HTTPS connection (1): raw.githubusercontent.com:443
2023-06-24 11:33:16,373 - DEBUG - https://raw.githubusercontent.com:443 "GET /manuuwu123/Actualizacion/main/version HTTP/1.1" 200 24
2023-06-24 11:33:16,394 - DEBUG - Using selector: EpollSelector
2023-06-24 11:33:16,400 - DEBUG - Using selector: EpollSelector
2023-06-24 11:33:16,404 - INFO - Started sniping
2023-06-24 11:34:57,739 - INFO - Started Sniper Class
2023-06-24 11:34:57,741 - INFO - Setting up accounts
2023-06-24 11:34:57,742 - DEBUG - Using selector: EpollSelector
2023-06-24 11:34:58,117 - DEBUG - Using selector: EpollSelector
2023-06-24 11:34:58,120 - DEBUG - Scraped x_token
2023-06-24 11:34:58,453 - DEBUG - Checking Version
2023-06-24 11:34:58,516 - DEBUG - Starting new HTTPS connection (1): raw.githubusercontent.com:443
2023-06-24 11:34:58,678 - DEBUG - https://raw.githubusercontent.com:443 "GET /manuuwu123/Actualizacion/main/version HTTP/1.1" 200 24
2023-06-24 11:34:58,694 - DEBUG - Using selector: EpollSelector
2023-06-24 11:34:58,699 - DEBUG - Using selector: EpollSelector
2023-06-24 11:34:58,703 - INFO - Started sniping
2023-06-24 11:35:38,700 - INFO - Started Sniper Class
2023-06-24 11:35:38,702 - INFO - Setting up accounts
2023-06-24 11:35:38,703 - DEBUG - Using selector: EpollSelector
2023-06-24 11:35:39,082 - DEBUG - Using selector: EpollSelector
2023-06-24 11:35:39,084 - DEBUG - Scraped x_token
2023-06-24 11:35:39,385 - DEBUG - Checking Version
2023-06-24 11:35:39,450 - DEBUG - Starting new HTTPS connection (1): raw.githubusercontent.com:443
2023-06-24 11:35:39,619 - DEBUG - https://raw.githubusercontent.com:443 "GET /manuuwu123/Actualizacion/main/version HTTP/1.1" 200 24
2023-06-24 11:35:39,639 - DEBUG - Using selector: EpollSelector
2023-06-24 11:35:39,644 - DEBUG - Using selector: EpollSelector
2023-06-24 11:35:39,648 - INFO - Started sniping
2023-06-24 11:36:27,513 - INFO - Started Sniper Class
2023-06-24 11:36:27,515 - INFO - Setting up accounts
2023-06-24 11:36:27,516 - DEBUG - Using selector: EpollSelector
2023-06-24 11:36:27,873 - DEBUG - Using selector: EpollSelector
2023-06-24 11:36:27,874 - DEBUG - Scraped x_token
2023-06-24 11:36:28,165 - DEBUG - Checking Version
2023-06-24 11:36:28,242 - DEBUG - Starting new HTTPS connection (1): raw.githubusercontent.com:443
2023-06-24 11:36:28,399 - DEBUG - https://raw.githubusercontent.com:443 "GET /manuuwu123/Actualizacion/main/version HTTP/1.1" 200 24
2023-06-24 11:36:28,416 - DEBUG - Using selector: EpollSelector
2023-06-24 11:36:28,421 - DEBUG - Using selector: EpollSelector
2023-06-24 11:36:28,424 - INFO - Started sniping
2023-06-24 11:36:55,577 - INFO - Started Sniper Class
2023-06-24 11:36:55,579 - INFO - Setting up accounts
2023-06-24 11:36:55,580 - DEBUG - Using selector: EpollSelector
2023-06-24 11:36:55,954 - DEBUG - Using selector: EpollSelector
2023-06-24 11:36:55,955 - DEBUG - Scraped x_token
2023-06-24 11:36:56,251 - DEBUG - Checking Version
2023-06-24 11:36:56,314 - DEBUG - Starting new HTTPS connection (1): raw.githubusercontent.com:443
2023-06-24 11:36:56,462 - DEBUG - https://raw.githubusercontent.com:443 "GET /manuuwu123/Actualizacion/main/version HTTP/1.1" 200 24
2023-06-24 11:36:56,479 - DEBUG - Using selector: EpollSelector
2023-06-24 11:36:56,485 - DEBUG - Using selector: EpollSelector
2023-06-24 11:36:56,489 - INFO - Started sniping
2023-06-24 11:40:35,317 - INFO - Started Sniper Class
2023-06-24 11:40:35,319 - INFO - Setting up accounts
2023-06-24 11:40:35,320 - DEBUG - Using selector: EpollSelector
2023-06-24 11:40:35,704 - DEBUG - Using selector: EpollSelector
2023-06-24 11:40:35,705 - DEBUG - Scraped x_token
2023-06-24 11:40:36,017 - DEBUG - Checking Version
2023-06-24 11:40:36,080 - DEBUG - Starting new HTTPS connection (1): raw.githubusercontent.com:443
2023-06-24 11:40:36,395 - DEBUG - https://raw.githubusercontent.com:443 "GET /manuuwu123/Actualizacion/main/version HTTP/1.1" 200 24
2023-06-24 11:40:36,416 - DEBUG - Using selector: EpollSelector
2023-06-24 11:40:36,422 - DEBUG - Using selector: EpollSelector
2023-06-24 11:40:36,426 - INFO - Started sniping
2023-06-24 12:59:06,436 - INFO - Started Sniper Class
2023-06-24 12:59:06,440 - INFO - Setting up accounts
2023-06-24 12:59:06,442 - DEBUG - Using selector: EpollSelector
2023-06-24 12:59:08,573 - DEBUG - Using selector: EpollSelector
2023-06-24 12:59:08,575 - DEBUG - Scraped x_token
2023-06-24 12:59:08,876 - DEBUG - Checking Version
2023-06-24 12:59:08,942 - DEBUG - Starting new HTTPS connection (1): raw.githubusercontent.com:443
2023-06-24 12:59:09,275 - DEBUG - https://raw.githubusercontent.com:443 "GET /manuuwu123/Actualizacion/main/version HTTP/1.1" 200 24
2023-06-24 12:59:09,294 - DEBUG - Using selector: EpollSelector
2023-06-24 12:59:09,299 - DEBUG - Using selector: EpollSelector
2023-06-24 12:59:09,302 - INFO - Started sniping
2023-06-24 13:09:10,055 - DEBUG - Scraped x_token
2023-06-24 13:12:51,868 - INFO - Started Sniper Class
2023-06-24 13:12:51,872 - INFO - Setting up accounts
2023-06-24 13:12:51,874 - DEBUG - Using selector: EpollSelector
2023-06-24 13:12:52,388 - DEBUG - Using selector: EpollSelector
2023-06-24 13:12:52,390 - DEBUG - Scraped x_token
2023-06-24 13:12:52,697 - DEBUG - Checking Version
2023-06-24 13:12:52,759 - DEBUG - Starting new HTTPS connection (1): raw.githubusercontent.com:443
2023-06-24 13:12:53,082 - DEBUG - https://raw.githubusercontent.com:443 "GET /manuuwu123/Actualizacion/main/version HTTP/1.1" 200 24
2023-06-24 13:12:53,103 - DEBUG - Using selector: EpollSelector
2023-06-24 13:12:53,110 - DEBUG - Using selector: EpollSelector
2023-06-24 13:12:53,114 - INFO - Started sniping
2023-06-24 13:15:22,992 - INFO - New Buy Thread Started
2023-06-24 13:15:22,994 - INFO - New Buy Thread Started
2023-06-24 13:15:23,003 - INFO - New Buy Thread Started
2023-06-24 13:15:23,005 - INFO - New Buy Thread Started
2023-06-24 13:15:23,407 - ERROR - Purchase failed. Response: {'purchaseResult': 'Flooded', 'purchased': False, 'pending': False, 'errorMessage': 'Flooded: purchase requests exceeds limit'}.
2023-06-24 13:15:23,409 - ERROR - Purchase failed. Response: {'purchaseResult': 'Flooded', 'purchased': False, 'pending': False, 'errorMessage': 'Flooded: purchase requests exceeds limit'}.
2023-06-24 13:15:23,554 - ERROR - Purchase failed. Response: {'purchaseResult': 'Flooded', 'purchased': False, 'pending': False, 'errorMessage': 'Flooded: purchase requests exceeds limit'}.
2023-06-24 13:15:30,255 - ERROR - Purchase failed. Response: {'purchaseResult': 'Purchase transaction is failed.', 'purchased': False, 'pending': False, 'errorMessage': 'QuantityExhausted'}.
2023-06-24 13:15:37,002 - ERROR - Purchase failed. Response: {'purchaseResult': 'Purchase transaction is failed.', 'purchased': False, 'pending': False, 'errorMessage': 'QuantityExhausted'}.
2023-06-24 13:15:43,508 - ERROR - Purchase failed. Response: {'purchaseResult': 'Purchase transaction is failed.', 'purchased': False, 'pending': False, 'errorMessage': 'QuantityExhausted'}.
2023-06-24 13:15:50,267 - ERROR - Purchase failed. Response: {'purchaseResult': 'Purchase transaction is failed.', 'purchased': False, 'pending': False, 'errorMessage': 'QuantityExhausted'}.
2023-06-24 14:28:29,795 - INFO - Started Sniper Class
2023-06-24 14:28:29,798 - INFO - Setting up accounts
2023-06-24 14:28:29,800 - DEBUG - Using selector: EpollSelector
2023-06-24 14:28:30,194 - DEBUG - Using selector: EpollSelector
2023-06-24 14:28:30,196 - DEBUG - Scraped x_token
2023-06-24 14:28:30,508 - DEBUG - Checking Version
2023-06-24 14:28:30,573 - DEBUG - Starting new HTTPS connection (1): raw.githubusercontent.com:443
2023-06-24 14:28:30,897 - DEBUG - https://raw.githubusercontent.com:443 "GET /manuuwu123/Actualizacion/main/version HTTP/1.1" 200 24
2023-06-24 14:28:30,920 - DEBUG - Using selector: EpollSelector
2023-06-24 14:28:30,927 - DEBUG - Using selector: EpollSelector
2023-06-24 14:28:30,930 - INFO - Started sniping
2023-06-24 14:57:27,639 - INFO - Started Sniper Class
2023-06-24 14:57:27,641 - INFO - Setting up accounts
2023-06-24 14:57:27,642 - DEBUG - Using selector: EpollSelector
2023-06-24 14:57:28,057 - DEBUG - Using selector: EpollSelector
2023-06-24 14:57:28,059 - DEBUG - Scraped x_token
2023-06-24 14:57:28,402 - DEBUG - Checking Version
2023-06-24 14:57:28,468 - DEBUG - Starting new HTTPS connection (1): raw.githubusercontent.com:443
2023-06-24 14:57:28,774 - DEBUG - https://raw.githubusercontent.com:443 "GET /manuuwu123/Actualizacion/main/version HTTP/1.1" 200 24
2023-06-24 14:57:28,795 - DEBUG - Using selector: EpollSelector
2023-06-24 14:57:28,801 - DEBUG - Using selector: EpollSelector
2023-06-24 14:57:28,805 - INFO - Started sniping
2023-06-24 15:07:29,509 - DEBUG - Scraped x_token
2023-06-24 15:20:26,679 - INFO - Started Sniper Class
2023-06-24 15:20:26,680 - INFO - Setting up accounts
2023-06-24 15:20:26,681 - DEBUG - Using selector: EpollSelector
2023-06-24 15:20:27,038 - DEBUG - Using selector: EpollSelector
2023-06-24 15:20:27,039 - DEBUG - Scraped x_token
2023-06-24 15:20:27,339 - DEBUG - Checking Version
2023-06-24 15:20:27,399 - DEBUG - Starting new HTTPS connection (1): raw.githubusercontent.com:443
2023-06-24 15:20:27,799 - DEBUG - https://raw.githubusercontent.com:443 "GET /manuuwu123/Actualizacion/main/version HTTP/1.1" 200 24
2023-06-24 15:20:27,821 - DEBUG - Using selector: EpollSelector
2023-06-24 15:20:27,827 - DEBUG - Using selector: EpollSelector
2023-06-24 15:20:27,831 - INFO - Started sniping
2023-06-24 15:30:28,538 - DEBUG - Scraped x_token
2023-06-24 15:40:29,558 - DEBUG - Scraped x_token
2023-06-24 15:41:12,053 - INFO - Started Sniper Class
2023-06-24 15:41:12,055 - INFO - Setting up accounts
2023-06-24 15:41:12,056 - DEBUG - Using selector: EpollSelector
2023-06-24 15:41:12,436 - DEBUG - Using selector: EpollSelector
2023-06-24 15:41:12,438 - DEBUG - Scraped x_token
2023-06-24 15:41:13,065 - DEBUG - Checking Version
2023-06-24 15:41:13,139 - DEBUG - Starting new HTTPS connection (1): raw.githubusercontent.com:443
2023-06-24 15:41:13,472 - DEBUG - https://raw.githubusercontent.com:443 "GET /manuuwu123/Actualizacion/main/version HTTP/1.1" 200 24
2023-06-24 15:41:13,486 - DEBUG - Using selector: EpollSelector
2023-06-24 15:41:13,490 - DEBUG - Using selector: EpollSelector
2023-06-24 15:41:13,493 - INFO - Started sniping
2023-06-24 15:54:30,689 - INFO - Started Sniper Class
2023-06-24 15:54:30,691 - INFO - Setting up accounts
2023-06-24 15:54:30,693 - DEBUG - Using selector: EpollSelector
2023-06-24 15:54:31,458 - DEBUG - Using selector: EpollSelector
2023-06-24 15:54:31,461 - DEBUG - Scraped x_token
2023-06-24 15:54:32,128 - DEBUG - Checking Version
2023-06-24 15:54:32,194 - DEBUG - Starting new HTTPS connection (1): raw.githubusercontent.com:443
2023-06-24 15:54:33,329 - DEBUG - https://raw.githubusercontent.com:443 "GET /manuuwu123/Actualizacion/main/version HTTP/1.1" 200 24
2023-06-24 15:54:33,351 - DEBUG - Using selector: EpollSelector
2023-06-24 15:54:33,358 - DEBUG - Using selector: EpollSelector
2023-06-24 15:54:33,363 - INFO - Started sniping
2023-06-24 16:00:46,594 - INFO - New Buy Thread Started
2023-06-24 16:00:46,596 - INFO - New Buy Thread Started
2023-06-24 16:00:46,606 - INFO - New Buy Thread Started
2023-06-24 16:00:46,613 - INFO - New Buy Thread Started
2023-06-24 16:00:47,012 - ERROR - Purchase failed. Response: {'purchaseResult': 'Flooded', 'purchased': False, 'pending': False, 'errorMessage': 'Flooded: purchase requests exceeds limit'}.
2023-06-24 16:00:47,026 - ERROR - Purchase failed. Response: {'purchaseResult': 'Flooded', 'purchased': False, 'pending': False, 'errorMessage': 'Flooded: purchase requests exceeds limit'}.
2023-06-24 16:00:47,034 - ERROR - Purchase failed. Response: {'purchaseResult': 'Flooded', 'purchased': False, 'pending': False, 'errorMessage': 'Flooded: purchase requests exceeds limit'}.
2023-06-24 16:00:49,003 - ERROR - Purchase failed. Response: {'purchaseResult': 'Purchase transaction is failed, Robux will be rolled back soon.', 'purchased': False, 'pending': False, 'errorMessage': None}.
2023-06-24 16:00:53,746 - ERROR - Purchase failed. Response: {'purchaseResult': 'Purchase transaction is failed.', 'purchased': False, 'pending': False, 'errorMessage': 'QuantityExhausted'}.
2023-06-24 16:01:00,362 - ERROR - Purchase failed. Response: {'purchaseResult': 'Purchase transaction is failed.', 'purchased': False, 'pending': False, 'errorMessage': 'QuantityExhausted'}.
2023-06-24 16:01:07,470 - ERROR - Purchase failed. Response: {'purchaseResult': 'Purchase transaction is failed.', 'purchased': False, 'pending': False, 'errorMessage': 'QuantityExhausted'}.
2023-06-24 16:01:13,963 - ERROR - Purchase failed. Response: {'purchaseResult': 'Purchase transaction is failed.', 'purchased': False, 'pending': False, 'errorMessage': 'QuantityExhausted'}.
2023-06-24 16:08:13,280 - INFO - Started Sniper Class
2023-06-24 16:08:13,282 - INFO - Setting up accounts
2023-06-24 16:08:13,284 - DEBUG - Using selector: EpollSelector
2023-06-24 16:08:13,685 - DEBUG - Using selector: EpollSelector
2023-06-24 16:08:13,688 - DEBUG - Scraped x_token
2023-06-24 16:08:14,015 - DEBUG - Checking Version
2023-06-24 16:08:14,081 - DEBUG - Starting new HTTPS connection (1): raw.githubusercontent.com:443
2023-06-24 16:08:14,429 - DEBUG - https://raw.githubusercontent.com:443 "GET /manuuwu123/Actualizacion/main/version HTTP/1.1" 200 24
2023-06-24 16:08:14,451 - DEBUG - Using selector: EpollSelector
2023-06-24 16:08:14,456 - DEBUG - Using selector: EpollSelector
2023-06-24 16:08:14,460 - INFO - Started sniping
2023-06-24 16:08:31,005 - INFO - Started Sniper Class
2023-06-24 16:08:31,007 - INFO - Setting up accounts
2023-06-24 16:08:31,008 - DEBUG - Using selector: EpollSelector
2023-06-24 16:08:31,400 - DEBUG - Using selector: EpollSelector
2023-06-24 16:08:31,405 - DEBUG - Scraped x_token
2023-06-24 16:08:41,342 - INFO - Started Sniper Class
2023-06-24 16:08:41,344 - INFO - Setting up accounts
2023-06-24 16:08:41,345 - DEBUG - Using selector: EpollSelector
2023-06-24 16:08:41,709 - DEBUG - Using selector: EpollSelector
2023-06-24 16:08:41,711 - DEBUG - Scraped x_token
2023-06-24 16:08:42,076 - DEBUG - Checking Version
2023-06-24 16:08:42,149 - DEBUG - Starting new HTTPS connection (1): raw.githubusercontent.com:443
2023-06-24 16:08:42,327 - DEBUG - https://raw.githubusercontent.com:443 "GET /manuuwu123/Actualizacion/main/version HTTP/1.1" 200 24
2023-06-24 16:08:42,349 - DEBUG - Using selector: EpollSelector
2023-06-24 16:08:42,355 - DEBUG - Using selector: EpollSelector
2023-06-24 16:08:42,359 - INFO - Started sniping
2023-06-24 16:10:45,632 - INFO - Started Sniper Class
2023-06-24 16:10:45,634 - INFO - Setting up accounts
2023-06-24 16:10:45,635 - DEBUG - Using selector: EpollSelector
2023-06-24 16:10:46,026 - DEBUG - Using selector: EpollSelector
2023-06-24 16:10:46,028 - DEBUG - Scraped x_token
2023-06-24 16:10:46,331 - DEBUG - Checking Version
2023-06-24 16:10:46,428 - DEBUG - Starting new HTTPS connection (1): raw.githubusercontent.com:443
2023-06-24 16:10:46,614 - DEBUG - https://raw.githubusercontent.com:443 "GET /manuuwu123/Actualizacion/main/version HTTP/1.1" 200 24
2023-06-24 16:10:46,636 - DEBUG - Using selector: EpollSelector
2023-06-24 16:10:46,643 - DEBUG - Using selector: EpollSelector
2023-06-24 16:10:46,647 - INFO - Started sniping
2023-06-24 16:11:51,470 - INFO - Started Sniper Class
2023-06-24 16:11:51,471 - INFO - Setting up accounts
2023-06-24 16:11:51,472 - DEBUG - Using selector: EpollSelector
2023-06-24 16:11:51,828 - DEBUG - Using selector: EpollSelector
2023-06-24 16:11:51,829 - DEBUG - Scraped x_token
2023-06-24 16:11:52,580 - DEBUG - Checking Version
2023-06-24 16:11:52,671 - DEBUG - Starting new HTTPS connection (1): raw.githubusercontent.com:443
2023-06-24 16:11:52,854 - DEBUG - https://raw.githubusercontent.com:443 "GET /manuuwu123/Actualizacion/main/version HTTP/1.1" 200 24
2023-06-24 16:11:52,866 - DEBUG - Using selector: EpollSelector
2023-06-24 16:11:52,870 - DEBUG - Using selector: EpollSelector
2023-06-24 16:11:52,872 - INFO - Started sniping
2023-06-24 16:12:49,532 - INFO - Started Sniper Class
2023-06-24 16:12:49,534 - INFO - Setting up accounts
2023-06-24 16:12:49,535 - DEBUG - Using selector: EpollSelector
2023-06-24 16:12:49,898 - DEBUG - Using selector: EpollSelector
2023-06-24 16:12:49,899 - DEBUG - Scraped x_token
2023-06-24 16:12:50,224 - DEBUG - Checking Version
2023-06-24 16:12:50,387 - DEBUG - Starting new HTTPS connection (1): raw.githubusercontent.com:443
2023-06-24 16:12:50,556 - DEBUG - https://raw.githubusercontent.com:443 "GET /manuuwu123/Actualizacion/main/version HTTP/1.1" 200 24
2023-06-24 16:12:50,577 - DEBUG - Using selector: EpollSelector
2023-06-24 16:12:50,581 - DEBUG - Using selector: EpollSelector
2023-06-24 16:12:50,586 - INFO - Started sniping
2023-06-24 16:22:51,408 - DEBUG - Scraped x_token
2023-06-24 16:32:52,407 - DEBUG - Scraped x_token
2023-06-24 16:42:53,624 - DEBUG - Scraped x_token
2023-06-24 16:52:54,691 - DEBUG - Scraped x_token
2023-06-24 17:02:55,754 - DEBUG - Scraped x_token
2023-06-24 17:12:56,759 - DEBUG - Scraped x_token
2023-06-24 17:22:57,788 - DEBUG - Scraped x_token
2023-06-24 17:33:03,896 - DEBUG - Scraped x_token
2023-06-24 17:43:05,018 - DEBUG - Scraped x_token
2023-06-24 17:53:06,134 - DEBUG - Scraped x_token
2023-06-24 18:03:07,211 - DEBUG - Scraped x_token
2023-06-24 18:13:08,222 - DEBUG - Scraped x_token
2023-06-24 18:20:55,562 - INFO - Started Sniper Class
2023-06-24 18:20:55,564 - INFO - Setting up accounts
2023-06-24 18:20:55,566 - DEBUG - Using selector: EpollSelector
2023-06-24 18:20:56,042 - DEBUG - Using selector: EpollSelector
2023-06-24 18:20:56,044 - DEBUG - Scraped x_token
2023-06-24 18:20:56,347 - DEBUG - Checking Version
2023-06-24 18:20:56,411 - DEBUG - Starting new HTTPS connection (1): raw.githubusercontent.com:443
2023-06-24 18:20:56,817 - DEBUG - https://raw.githubusercontent.com:443 "GET /manuuwu123/Actualizacion/main/version HTTP/1.1" 200 24
2023-06-24 18:20:56,834 - DEBUG - Using selector: EpollSelector
2023-06-24 18:20:56,839 - DEBUG - Using selector: EpollSelector
2023-06-24 18:20:56,843 - INFO - Started sniping
2023-06-24 18:27:11,806 - INFO - Started Sniper Class
2023-06-24 18:27:11,807 - INFO - Setting up accounts
2023-06-24 18:27:11,809 - DEBUG - Using selector: EpollSelector
2023-06-24 18:27:12,223 - DEBUG - Using selector: EpollSelector
2023-06-24 18:27:12,225 - DEBUG - Scraped x_token
2023-06-24 18:27:12,549 - DEBUG - Checking Version
2023-06-24 18:27:12,659 - DEBUG - Starting new HTTPS connection (1): raw.githubusercontent.com:443
2023-06-24 18:27:13,003 - DEBUG - https://raw.githubusercontent.com:443 "GET /manuuwu123/Actualizacion/main/version HTTP/1.1" 200 24
2023-06-24 18:27:13,020 - DEBUG - Using selector: EpollSelector
2023-06-24 18:27:13,026 - DEBUG - Using selector: EpollSelector
2023-06-24 18:27:13,029 - INFO - Started sniping
2023-06-24 18:27:50,906 - INFO - New Buy Thread Started
2023-06-24 18:27:50,907 - INFO - New Buy Thread Started
2023-06-24 18:27:50,909 - INFO - New Buy Thread Started
2023-06-24 18:27:50,913 - INFO - New Buy Thread Started
2023-06-24 18:27:52,377 - ERROR - Purchase failed. Response: {'purchaseResult': 'Flooded', 'purchased': False, 'pending': False, 'errorMessage': 'Flooded: purchase requests exceeds limit'}.
2023-06-24 18:27:52,506 - ERROR - Purchase failed. Response: {'purchaseResult': 'Flooded', 'purchased': False, 'pending': False, 'errorMessage': 'Flooded: purchase requests exceeds limit'}.
2023-06-24 18:27:52,673 - ERROR - Purchase failed. Response: {'purchaseResult': 'Flooded', 'purchased': False, 'pending': False, 'errorMessage': 'Flooded: purchase requests exceeds limit'}.
2023-06-24 18:27:58,139 - ERROR - Purchase failed. Response: {'purchaseResult': 'Purchase transaction is failed.', 'purchased': False, 'pending': False, 'errorMessage': 'QuantityExhausted'}.
2023-06-24 18:28:04,738 - ERROR - Purchase failed. Response: {'purchaseResult': 'Purchase transaction is failed.', 'purchased': False, 'pending': False, 'errorMessage': 'QuantityExhausted'}.
2023-06-24 18:28:11,615 - ERROR - Purchase failed. Response: {'purchaseResult': 'Purchase transaction is failed.', 'purchased': False, 'pending': False, 'errorMessage': 'QuantityExhausted'}.
2023-06-24 18:30:41,712 - INFO - Started Sniper Class
2023-06-24 18:30:41,715 - INFO - Setting up accounts
2023-06-24 18:30:41,716 - DEBUG - Using selector: EpollSelector
2023-06-24 18:30:42,125 - DEBUG - Using selector: EpollSelector
2023-06-24 18:30:42,128 - DEBUG - Scraped x_token
2023-06-24 18:30:42,433 - DEBUG - Checking Version
2023-06-24 18:30:42,494 - DEBUG - Starting new HTTPS connection (1): raw.githubusercontent.com:443
2023-06-24 18:30:42,637 - DEBUG - https://raw.githubusercontent.com:443 "GET /manuuwu123/Actualizacion/main/version HTTP/1.1" 200 24
2023-06-24 18:30:42,654 - DEBUG - Using selector: EpollSelector
2023-06-24 18:30:42,659 - DEBUG - Using selector: EpollSelector
2023-06-24 18:30:42,662 - INFO - Started sniping
2023-06-24 19:25:20,071 - INFO - Started Sniper Class
2023-06-24 19:25:20,074 - INFO - Setting up accounts
2023-06-24 19:25:20,075 - DEBUG - Using selector: EpollSelector
2023-06-24 19:25:20,577 - DEBUG - Using selector: EpollSelector
2023-06-24 19:25:20,578 - DEBUG - Scraped x_token
2023-06-24 19:25:21,024 - DEBUG - Checking Version
2023-06-24 19:25:21,089 - DEBUG - Starting new HTTPS connection (1): raw.githubusercontent.com:443
2023-06-24 19:25:21,982 - DEBUG - https://raw.githubusercontent.com:443 "GET /manuuwu123/Actualizacion/main/version HTTP/1.1" 200 24
2023-06-24 19:25:22,003 - DEBUG - Using selector: EpollSelector
2023-06-24 19:25:22,010 - DEBUG - Using selector: EpollSelector
2023-06-24 19:25:22,014 - INFO - Started sniping
2023-06-24 19:29:16,387 - INFO - Started Sniper Class
2023-06-24 19:29:16,388 - INFO - Setting up accounts
2023-06-24 19:29:16,390 - DEBUG - Using selector: EpollSelector
2023-06-24 19:29:16,803 - DEBUG - Using selector: EpollSelector
2023-06-24 19:29:16,805 - DEBUG - Scraped x_token
2023-06-24 19:29:17,124 - DEBUG - Checking Version
2023-06-24 19:29:17,193 - DEBUG - Starting new HTTPS connection (1): raw.githubusercontent.com:443
2023-06-24 19:29:17,386 - DEBUG - https://raw.githubusercontent.com:443 "GET /manuuwu123/Actualizacion/main/version HTTP/1.1" 200 24
2023-06-24 19:29:17,408 - DEBUG - Using selector: EpollSelector
2023-06-24 19:29:17,413 - DEBUG - Using selector: EpollSelector
2023-06-24 19:29:17,417 - INFO - Started sniping
2023-06-24 19:35:20,475 - INFO - New Buy Thread Started
2023-06-24 19:35:20,476 - INFO - New Buy Thread Started
2023-06-24 19:35:20,478 - INFO - New Buy Thread Started
2023-06-24 19:35:20,480 - INFO - New Buy Thread Started
2023-06-24 19:35:20,836 - ERROR - Purchase failed. Response: {'purchaseResult': 'Flooded', 'purchased': False, 'pending': False, 'errorMessage': 'Flooded: purchase requests exceeds limit'}.
2023-06-24 19:35:20,840 - ERROR - Purchase failed. Response: {'purchaseResult': 'Flooded', 'purchased': False, 'pending': False, 'errorMessage': 'Flooded: purchase requests exceeds limit'}.
2023-06-24 19:35:20,854 - ERROR - Purchase failed. Response: {'purchaseResult': 'Flooded', 'purchased': False, 'pending': False, 'errorMessage': 'Flooded: purchase requests exceeds limit'}.
2023-06-24 19:35:21,663 - ERROR - Purchase failed. Response: {'purchaseResult': 'Purchase transaction is failed, Robux will be rolled back soon.', 'purchased': False, 'pending': False, 'errorMessage': None}.
2023-06-24 19:35:27,531 - ERROR - Purchase failed. Response: {'purchaseResult': 'Purchase transaction is failed.', 'purchased': False, 'pending': False, 'errorMessage': 'QuantityExhausted'}.
2023-06-24 19:35:34,542 - ERROR - Purchase failed. Response: {'purchaseResult': 'Purchase transaction is failed.', 'purchased': False, 'pending': False, 'errorMessage': 'QuantityExhausted'}.
2023-06-24 19:35:41,079 - ERROR - Purchase failed. Response: {'purchaseResult': 'Purchase transaction is failed.', 'purchased': False, 'pending': False, 'errorMessage': 'QuantityExhausted'}.
2023-06-24 19:35:47,667 - ERROR - Purchase failed. Response: {'purchaseResult': 'Purchase transaction is failed.', 'purchased': False, 'pending': False, 'errorMessage': 'QuantityExhausted'}.
